<?xml version="1.0" encoding="UTF-8"?>
<testsuite name="tests.DashboardTests" tests="1" skipped="0" failures="0" errors="0" timestamp="2023-08-22T19:04:35" hostname="ANDREW" time="20.763">
  <properties/>
  <testcase name="EmployeesOnLeaveToday()" classname="tests.DashboardTests" time="20.763"/>
  <system-out><![CDATA[Element is not present on the page. No records found.
]]></system-out>
  <system-err><![CDATA[]]></system-err>
</testsuite>
