<?xml version="1.0" encoding="UTF-8"?>
<testsuite name="tests.AdminUserManagement" tests="1" skipped="0" failures="0" errors="0" timestamp="2023-08-21T17:15:54" hostname="ANDREW" time="17.559">
  <properties/>
  <testcase name="SearchEmployeePagesByEmployeeName()" classname="tests.AdminUserManagement" time="17.559"/>
  <system-out><![CDATA[]]></system-out>
  <system-err><![CDATA[]]></system-err>
</testsuite>
