<?xml version="1.0" encoding="UTF-8"?>
<testsuite name="tests.DashboardTests" tests="1" skipped="0" failures="1" errors="0" timestamp="2023-08-25T18:02:09" hostname="ANDREW" time="81.763">
  <properties/>
  <testcase name="QuickLaunchTest()" classname="tests.DashboardTests" time="81.763">
    <failure message="com.microsoft.playwright.TimeoutError: Error {&#10;  message='Timeout 30000ms exceeded.&#10;=========================== logs ===========================&#10;waiting for locator(&quot;xpath=//*[@id=\&quot;app\&quot;]/div[1]/div[2]/div[2]/div/div[3]/div/div[2]/div/div[1]/button&quot;)&#10;============================================================&#10;  name='TimeoutError&#10;  stack='TimeoutError: Timeout 30000ms exceeded.&#10;=========================== logs ===========================&#10;waiting for locator(&quot;xpath=//*[@id=\&quot;app\&quot;]/div[1]/div[2]/div[2]/div/div[3]/div/div[2]/div/div[1]/button&quot;)&#10;============================================================&#10;    at ProgressController.run (C:\Users\E6DA~1\AppData\Local\Temp\playwright-java-5409290340030432905\package\lib\server\progress.js:88:26)&#10;    at Frame.click (C:\Users\E6DA~1\AppData\Local\Temp\playwright-java-5409290340030432905\package\lib\server\frames.js:1011:23)&#10;    at FrameDispatcher.click (C:\Users\E6DA~1\AppData\Local\Temp\playwright-java-5409290340030432905\package\lib\server\dispatchers\frameDispatcher.js:149:30)&#10;    at DispatcherConnection.dispatch (C:\Users\E6DA~1\AppData\Local\Temp\playwright-java-5409290340030432905\package\lib\server\dispatchers\dispatcher.js:319:46)&#10;}" type="com.microsoft.playwright.TimeoutError">com.microsoft.playwright.TimeoutError: Error {
  message='Timeout 30000ms exceeded.
=========================== logs ===========================
waiting for locator(&quot;xpath=//*[@id=\&quot;app\&quot;]/div[1]/div[2]/div[2]/div/div[3]/div/div[2]/div/div[1]/button&quot;)
============================================================
  name='TimeoutError
  stack='TimeoutError: Timeout 30000ms exceeded.
=========================== logs ===========================
waiting for locator(&quot;xpath=//*[@id=\&quot;app\&quot;]/div[1]/div[2]/div[2]/div/div[3]/div/div[2]/div/div[1]/button&quot;)
============================================================
    at ProgressController.run (C:\Users\E6DA~1\AppData\Local\Temp\playwright-java-5409290340030432905\package\lib\server\progress.js:88:26)
    at Frame.click (C:\Users\E6DA~1\AppData\Local\Temp\playwright-java-5409290340030432905\package\lib\server\frames.js:1011:23)
    at FrameDispatcher.click (C:\Users\E6DA~1\AppData\Local\Temp\playwright-java-5409290340030432905\package\lib\server\dispatchers\frameDispatcher.js:149:30)
    at DispatcherConnection.dispatch (C:\Users\E6DA~1\AppData\Local\Temp\playwright-java-5409290340030432905\package\lib\server\dispatchers\dispatcher.js:319:46)
}
	at app//com.microsoft.playwright.impl.WaitableResult.get(WaitableResult.java:52)
	at app//com.microsoft.playwright.impl.ChannelOwner.runUntil(ChannelOwner.java:111)
	at app//com.microsoft.playwright.impl.Connection.sendMessage(Connection.java:119)
	at app//com.microsoft.playwright.impl.ChannelOwner.sendMessage(ChannelOwner.java:102)
	at app//com.microsoft.playwright.impl.FrameImpl.clickImpl(FrameImpl.java:252)
	at app//com.microsoft.playwright.impl.PageImpl.lambda$click$17(PageImpl.java:600)
	at app//com.microsoft.playwright.impl.LoggingSupport.lambda$withLogging$0(LoggingSupport.java:36)
	at app//com.microsoft.playwright.impl.LoggingSupport.withLogging(LoggingSupport.java:47)
	at app//com.microsoft.playwright.impl.ChannelOwner.withLogging(ChannelOwner.java:87)
	at app//com.microsoft.playwright.impl.LoggingSupport.withLogging(LoggingSupport.java:35)
	at app//com.microsoft.playwright.impl.PageImpl.click(PageImpl.java:599)
	at app//com.microsoft.playwright.Page.click(Page.java:3634)
	at app//core.InteractionWithDashboard.SelectingItemFromQuickLaunch(InteractionWithDashboard.java:26)
	at app//tests.DashboardTests.QuickLaunchTest(DashboardTests.java:31)
	at java.base@11.0.17/jdk.internal.reflect.NativeMethodAccessorImpl.invoke0(Native Method)
	at java.base@11.0.17/jdk.internal.reflect.NativeMethodAccessorImpl.invoke(NativeMethodAccessorImpl.java:62)
	at java.base@11.0.17/jdk.internal.reflect.DelegatingMethodAccessorImpl.invoke(DelegatingMethodAccessorImpl.java:43)
	at java.base@11.0.17/java.lang.reflect.Method.invoke(Method.java:566)
	at app//org.junit.platform.commons.util.ReflectionUtils.invokeMethod(ReflectionUtils.java:725)
	at app//org.junit.jupiter.engine.execution.MethodInvocation.proceed(MethodInvocation.java:60)
	at app//org.junit.jupiter.engine.execution.InvocationInterceptorChain$ValidatingInvocation.proceed(InvocationInterceptorChain.java:131)
	at app//org.junit.jupiter.engine.extension.TimeoutExtension.intercept(TimeoutExtension.java:149)
	at app//org.junit.jupiter.engine.extension.TimeoutExtension.interceptTestableMethod(TimeoutExtension.java:140)
	at app//org.junit.jupiter.engine.extension.TimeoutExtension.interceptTestMethod(TimeoutExtension.java:84)
	at app//org.junit.jupiter.engine.execution.ExecutableInvoker$ReflectiveInterceptorCall.lambda$ofVoidMethod$0(ExecutableInvoker.java:115)
	at app//org.junit.jupiter.engine.execution.ExecutableInvoker.lambda$invoke$0(ExecutableInvoker.java:105)
	at app//org.junit.jupiter.engine.execution.InvocationInterceptorChain$InterceptedInvocation.proceed(InvocationInterceptorChain.java:106)
	at app//org.junit.jupiter.engine.execution.InvocationInterceptorChain.proceed(InvocationInterceptorChain.java:64)
	at app//org.junit.jupiter.engine.execution.InvocationInterceptorChain.chainAndInvoke(InvocationInterceptorChain.java:45)
	at app//org.junit.jupiter.engine.execution.InvocationInterceptorChain.invoke(InvocationInterceptorChain.java:37)
	at app//org.junit.jupiter.engine.execution.ExecutableInvoker.invoke(ExecutableInvoker.java:104)
	at app//org.junit.jupiter.engine.execution.ExecutableInvoker.invoke(ExecutableInvoker.java:98)
	at app//org.junit.jupiter.engine.descriptor.TestMethodTestDescriptor.lambda$invokeTestMethod$7(TestMethodTestDescriptor.java:214)
	at app//org.junit.platform.engine.support.hierarchical.ThrowableCollector.execute(ThrowableCollector.java:73)
	at app//org.junit.jupiter.engine.descriptor.TestMethodTestDescriptor.invokeTestMethod(TestMethodTestDescriptor.java:210)
	at app//org.junit.jupiter.engine.descriptor.TestMethodTestDescriptor.execute(TestMethodTestDescriptor.java:135)
	at app//org.junit.jupiter.engine.descriptor.TestMethodTestDescriptor.execute(TestMethodTestDescriptor.java:66)
	at app//org.junit.platform.engine.support.hierarchical.NodeTestTask.lambda$executeRecursively$6(NodeTestTask.java:151)
	at app//org.junit.platform.engine.support.hierarchical.ThrowableCollector.execute(ThrowableCollector.java:73)
	at app//org.junit.platform.engine.support.hierarchical.NodeTestTask.lambda$executeRecursively$8(NodeTestTask.java:141)
	at app//org.junit.platform.engine.support.hierarchical.Node.around(Node.java:137)
	at app//org.junit.platform.engine.support.hierarchical.NodeTestTask.lambda$executeRecursively$9(NodeTestTask.java:139)
	at app//org.junit.platform.engine.support.hierarchical.ThrowableCollector.execute(ThrowableCollector.java:73)
	at app//org.junit.platform.engine.support.hierarchical.NodeTestTask.executeRecursively(NodeTestTask.java:138)
	at app//org.junit.platform.engine.support.hierarchical.NodeTestTask.execute(NodeTestTask.java:95)
	at app//org.junit.platform.engine.support.hierarchical.ForkJoinPoolHierarchicalTestExecutorService$ExclusiveTask.compute(ForkJoinPoolHierarchicalTestExecutorService.java:185)
	at app//org.junit.platform.engine.support.hierarchical.ForkJoinPoolHierarchicalTestExecutorService.invokeAll(ForkJoinPoolHierarchicalTestExecutorService.java:129)
	at app//org.junit.platform.engine.support.hierarchical.NodeTestTask.lambda$executeRecursively$6(NodeTestTask.java:155)
	at app//org.junit.platform.engine.support.hierarchical.ThrowableCollector.execute(ThrowableCollector.java:73)
	at app//org.junit.platform.engine.support.hierarchical.NodeTestTask.lambda$executeRecursively$8(NodeTestTask.java:141)
	at app//org.junit.platform.engine.support.hierarchical.Node.around(Node.java:137)
	at app//org.junit.platform.engine.support.hierarchical.NodeTestTask.lambda$executeRecursively$9(NodeTestTask.java:139)
	at app//org.junit.platform.engine.support.hierarchical.ThrowableCollector.execute(ThrowableCollector.java:73)
	at app//org.junit.platform.engine.support.hierarchical.NodeTestTask.executeRecursively(NodeTestTask.java:138)
	at app//org.junit.platform.engine.support.hierarchical.NodeTestTask.execute(NodeTestTask.java:95)
	at app//org.junit.platform.engine.support.hierarchical.ForkJoinPoolHierarchicalTestExecutorService$ExclusiveTask.compute(ForkJoinPoolHierarchicalTestExecutorService.java:185)
	at app//org.junit.platform.engine.support.hierarchical.ForkJoinPoolHierarchicalTestExecutorService.invokeAll(ForkJoinPoolHierarchicalTestExecutorService.java:129)
	at app//org.junit.platform.engine.support.hierarchical.NodeTestTask.lambda$executeRecursively$6(NodeTestTask.java:155)
	at app//org.junit.platform.engine.support.hierarchical.ThrowableCollector.execute(ThrowableCollector.java:73)
	at app//org.junit.platform.engine.support.hierarchical.NodeTestTask.lambda$executeRecursively$8(NodeTestTask.java:141)
	at app//org.junit.platform.engine.support.hierarchical.Node.around(Node.java:137)
	at app//org.junit.platform.engine.support.hierarchical.NodeTestTask.lambda$executeRecursively$9(NodeTestTask.java:139)
	at app//org.junit.platform.engine.support.hierarchical.ThrowableCollector.execute(ThrowableCollector.java:73)
	at app//org.junit.platform.engine.support.hierarchical.NodeTestTask.executeRecursively(NodeTestTask.java:138)
	at app//org.junit.platform.engine.support.hierarchical.NodeTestTask.execute(NodeTestTask.java:95)
	at app//org.junit.platform.engine.support.hierarchical.ForkJoinPoolHierarchicalTestExecutorService$ExclusiveTask.compute(ForkJoinPoolHierarchicalTestExecutorService.java:185)
	at java.base@11.0.17/java.util.concurrent.RecursiveAction.exec(RecursiveAction.java:189)
	at java.base@11.0.17/java.util.concurrent.ForkJoinTask.doExec(ForkJoinTask.java:290)
	at java.base@11.0.17/java.util.concurrent.ForkJoinPool$WorkQueue.topLevelExec(ForkJoinPool.java:1020)
	at java.base@11.0.17/java.util.concurrent.ForkJoinPool.scan(ForkJoinPool.java:1656)
	at java.base@11.0.17/java.util.concurrent.ForkJoinPool.runWorker(ForkJoinPool.java:1594)
	at java.base@11.0.17/java.util.concurrent.ForkJoinWorkerThread.run(ForkJoinWorkerThread.java:183)
Caused by: com.microsoft.playwright.TimeoutError: Error {
  message='Timeout 30000ms exceeded.
=========================== logs ===========================
waiting for locator(&quot;xpath=//*[@id=\&quot;app\&quot;]/div[1]/div[2]/div[2]/div/div[3]/div/div[2]/div/div[1]/button&quot;)
============================================================
  name='TimeoutError
  stack='TimeoutError: Timeout 30000ms exceeded.
=========================== logs ===========================
waiting for locator(&quot;xpath=//*[@id=\&quot;app\&quot;]/div[1]/div[2]/div[2]/div/div[3]/div/div[2]/div/div[1]/button&quot;)
============================================================
    at ProgressController.run (C:\Users\E6DA~1\AppData\Local\Temp\playwright-java-5409290340030432905\package\lib\server\progress.js:88:26)
    at Frame.click (C:\Users\E6DA~1\AppData\Local\Temp\playwright-java-5409290340030432905\package\lib\server\frames.js:1011:23)
    at FrameDispatcher.click (C:\Users\E6DA~1\AppData\Local\Temp\playwright-java-5409290340030432905\package\lib\server\dispatchers\frameDispatcher.js:149:30)
    at DispatcherConnection.dispatch (C:\Users\E6DA~1\AppData\Local\Temp\playwright-java-5409290340030432905\package\lib\server\dispatchers\dispatcher.js:319:46)
}
	at app//com.microsoft.playwright.impl.Connection.dispatch(Connection.java:199)
	at app//com.microsoft.playwright.impl.Connection.processOneMessage(Connection.java:181)
	at app//com.microsoft.playwright.impl.ChannelOwner.runUntil(ChannelOwner.java:109)
	... 70 more
</failure>
  </testcase>
  <system-out><![CDATA[]]></system-out>
  <system-err><![CDATA[]]></system-err>
</testsuite>
